<?xml version="1.0" encoding="UTF-8"?>
<testsuite name="Academy Choucair" tests="1" skipped="0" failures="0" errors="0" timestamp="2021-09-18T04:25:23" hostname="DESKTOP-6G13" time="24.857">
  <properties/>
  <testcase name="search for a automation course" classname="Academy Choucair" time="24.857"/>
  <system-out><![CDATA[]]></system-out>
  <system-err><![CDATA[[Test worker] WARN net.thucydides.core.steps.BaseStepListener - stepStarted: net.thucydides.core.steps.ExecutedStepDescription@14a71259
[Test worker] WARN net.thucydides.core.steps.BaseStepListener - stepStarted: net.thucydides.core.steps.ExecutedStepDescription@6a14d691
[Test worker] WARN net.thucydides.core.steps.BaseStepListener - stepStarted: net.thucydides.core.steps.ExecutedStepDescription@3dfac586
sep 17, 2021 11:25:24 PM org.openqa.selenium.remote.DesiredCapabilities chrome
INFORMACIÓN: Using `new ChromeOptions()` is preferred to `DesiredCapabilities.chrome()`
[Test worker] INFO net.serenitybdd.core.webdriver.driverproviders.ProvideNewDriver - Instantiating driver
[Test worker] INFO net.serenitybdd.core.webdriver.driverproviders.ProvideNewDriver - Driver capabilities: Capabilities {acceptInsecureCerts: false, browserName: chrome, chrome.switches: --start-maximized, goog:chromeOptions: {args: [--start-maximized], extensions: []}, loggingPrefs: org.openqa.selenium.logging..., platform: ANY, version: }
Starting ChromeDriver 93.0.4577.63 (ff5c0da2ec0adeaed5550e6c7e98417dac77d98a-refs/branch-heads/4577@{#1135}) on port 45523
Only local connections are allowed.
Please see https://chromedriver.chromium.org/security-considerations for suggestions on keeping ChromeDriver safe.
ChromeDriver was started successfully.
sep 17, 2021 11:25:27 PM org.openqa.selenium.remote.ProtocolHandshake createSession
INFORMACIÓN: Detected dialect: W3C
[Test worker] WARN net.thucydides.core.steps.BaseStepListener - stepFinished: current outcome:search for a automation course:Given that Brandon wants to learn automation at the choucair academy
| strUser | strPassword |
| 1066180001 | Choucair2021* | [Brandon open up [Brandon opens the Choucair academy page]]
[Test worker] WARN net.thucydides.core.steps.BaseStepListener - stepFinished: current outcome:search for a automation course:Given that Brandon wants to learn automation at the choucair academy
| strUser | strPassword |
| 1066180001 | Choucair2021* | [Brandon open up [Brandon opens the Choucair academy page]]
[Test worker] WARN net.thucydides.core.steps.BaseStepListener - stepStarted: net.thucydides.core.steps.ExecutedStepDescription@79a968fe
[Test worker] WARN net.thucydides.core.steps.BaseStepListener - stepStarted: net.thucydides.core.steps.ExecutedStepDescription@1e320bc0
[Test worker] WARN net.thucydides.core.steps.BaseStepListener - stepFinished: current outcome:search for a automation course:Given that Brandon wants to learn automation at the choucair academy
| strUser | strPassword |
| 1066180001 | Choucair2021* | [Brandon open up [Brandon opens the Choucair academy page], Brandon login [Brandon clicks on button that shows us the form to login]]
[Test worker] WARN net.thucydides.core.steps.BaseStepListener - stepStarted: net.thucydides.core.steps.ExecutedStepDescription@284f0d68
[Test worker] WARN net.thucydides.core.steps.BaseStepListener - stepFinished: current outcome:search for a automation course:Given that Brandon wants to learn automation at the choucair academy
| strUser | strPassword |
| 1066180001 | Choucair2021* | [Brandon open up [Brandon opens the Choucair academy page], Brandon login [Brandon clicks on button that shows us the form to login, Brandon enters '1066180001' into where do we write the user]]
[Test worker] WARN net.thucydides.core.steps.BaseStepListener - stepStarted: net.thucydides.core.steps.ExecutedStepDescription@6b9cda2b
[Test worker] WARN net.thucydides.core.steps.BaseStepListener - stepFinished: current outcome:search for a automation course:Given that Brandon wants to learn automation at the choucair academy
| strUser | strPassword |
| 1066180001 | Choucair2021* | [Brandon open up [Brandon opens the Choucair academy page], Brandon login [Brandon clicks on button that shows us the form to login, Brandon enters '1066180001' into where do we write the user, Brandon enters 'Choucair2021*' into where do we write the password]]
[Test worker] WARN net.thucydides.core.steps.BaseStepListener - stepStarted: net.thucydides.core.steps.ExecutedStepDescription@1c2ad8f2
[Test worker] WARN net.thucydides.core.steps.BaseStepListener - stepFinished: current outcome:search for a automation course:Given that Brandon wants to learn automation at the choucair academy
| strUser | strPassword |
| 1066180001 | Choucair2021* | [Brandon open up [Brandon opens the Choucair academy page], Brandon login [Brandon clicks on button that shows us the form to login, Brandon enters '1066180001' into where do we write the user, Brandon enters 'Choucair2021*' into where do we write the password, Brandon clicks on button that shows us the access]]
[Test worker] WARN net.thucydides.core.steps.BaseStepListener - stepFinished: current outcome:search for a automation course:Given that Brandon wants to learn automation at the choucair academy
| strUser | strPassword |
| 1066180001 | Choucair2021* | [Brandon open up [Brandon opens the Choucair academy page], Brandon login [Brandon clicks on button that shows us the form to login, Brandon enters '1066180001' into where do we write the user, Brandon enters 'Choucair2021*' into where do we write the password, Brandon clicks on button that shows us the access]]
[Test worker] WARN net.thucydides.core.steps.BaseStepListener - stepFinished: current outcome:search for a automation course:Given that Brandon wants to learn automation at the choucair academy
| strUser | strPassword |
| 1066180001 | Choucair2021* | [Brandon open up [Brandon opens the Choucair academy page], Brandon login [Brandon clicks on button that shows us the form to login, Brandon enters '1066180001' into where do we write the user, Brandon enters 'Choucair2021*' into where do we write the password, Brandon clicks on button that shows us the access]]
[Test worker] WARN net.thucydides.core.steps.BaseStepListener - stepStarted: net.thucydides.core.steps.ExecutedStepDescription@62cae940
[Test worker] WARN net.thucydides.core.steps.BaseStepListener - stepStarted: net.thucydides.core.steps.ExecutedStepDescription@48de06bc
[Test worker] WARN net.thucydides.core.steps.BaseStepListener - stepStarted: net.thucydides.core.steps.ExecutedStepDescription@28f8f962
[Test worker] WARN net.thucydides.core.steps.BaseStepListener - stepFinished: current outcome:search for a automation course:Given that Brandon wants to learn automation at the choucair academy
| strUser | strPassword |
| 1066180001 | Choucair2021* | [Brandon open up [Brandon opens the Choucair academy page], Brandon login [Brandon clicks on button that shows us the form to login, Brandon enters '1066180001' into where do we write the user, Brandon enters 'Choucair2021*' into where do we write the password, Brandon clicks on button that shows us the access]], When he search for the course on the choucair academy
| strCourse |
| Guías Técnicas - Analista Financial | [Brandon search [Brandon clicks on search for course option]]
[Test worker] WARN net.thucydides.core.steps.BaseStepListener - stepStarted: net.thucydides.core.steps.ExecutedStepDescription@72652a36
[Test worker] WARN net.thucydides.core.steps.BaseStepListener - stepFinished: current outcome:search for a automation course:Given that Brandon wants to learn automation at the choucair academy
| strUser | strPassword |
| 1066180001 | Choucair2021* | [Brandon open up [Brandon opens the Choucair academy page], Brandon login [Brandon clicks on button that shows us the form to login, Brandon enters '1066180001' into where do we write the user, Brandon enters 'Choucair2021*' into where do we write the password, Brandon clicks on button that shows us the access]], When he search for the course on the choucair academy
| strCourse |
| Guías Técnicas - Analista Financial | [Brandon search [Brandon clicks on search for course option, Brandon clicks on select unit one]]
[Test worker] WARN net.thucydides.core.steps.BaseStepListener - stepFinished: current outcome:search for a automation course:Given that Brandon wants to learn automation at the choucair academy
| strUser | strPassword |
| 1066180001 | Choucair2021* | [Brandon open up [Brandon opens the Choucair academy page], Brandon login [Brandon clicks on button that shows us the form to login, Brandon enters '1066180001' into where do we write the user, Brandon enters 'Choucair2021*' into where do we write the password, Brandon clicks on button that shows us the access]], When he search for the course on the choucair academy
| strCourse |
| Guías Técnicas - Analista Financial | [Brandon search [Brandon clicks on search for course option, Brandon clicks on select unit one]]
[Test worker] WARN net.thucydides.core.steps.BaseStepListener - stepFinished: current outcome:search for a automation course:Given that Brandon wants to learn automation at the choucair academy
| strUser | strPassword |
| 1066180001 | Choucair2021* | [Brandon open up [Brandon opens the Choucair academy page], Brandon login [Brandon clicks on button that shows us the form to login, Brandon enters '1066180001' into where do we write the user, Brandon enters 'Choucair2021*' into where do we write the password, Brandon clicks on button that shows us the access]], When he search for the course on the choucair academy
| strCourse |
| Guías Técnicas - Analista Financial | [Brandon search [Brandon clicks on search for course option, Brandon clicks on select unit one]]
[Test worker] WARN net.thucydides.core.steps.BaseStepListener - stepStarted: net.thucydides.core.steps.ExecutedStepDescription@52e12a9d
[Test worker] WARN net.thucydides.core.steps.BaseStepListener - stepStarted: net.thucydides.core.steps.ExecutedStepDescription@2105ba3c
[Test worker] WARN net.thucydides.core.steps.BaseStepListener - stepFinished: current outcome:search for a automation course:Given that Brandon wants to learn automation at the choucair academy
| strUser | strPassword |
| 1066180001 | Choucair2021* | [Brandon open up [Brandon opens the Choucair academy page], Brandon login [Brandon clicks on button that shows us the form to login, Brandon enters '1066180001' into where do we write the user, Brandon enters 'Choucair2021*' into where do we write the password, Brandon clicks on button that shows us the access]], When he search for the course on the choucair academy
| strCourse |
| Guías Técnicas - Analista Financial | [Brandon search [Brandon clicks on search for course option, Brandon clicks on select unit one]], Then he finds the course called
| strCourse |
| Guías Técnicas - Analista Financial | [Then answer]
[Test worker] WARN net.thucydides.core.steps.BaseStepListener - stepFinished: current outcome:search for a automation course:Given that Brandon wants to learn automation at the choucair academy
| strUser | strPassword |
| 1066180001 | Choucair2021* | [Brandon open up [Brandon opens the Choucair academy page], Brandon login [Brandon clicks on button that shows us the form to login, Brandon enters '1066180001' into where do we write the user, Brandon enters 'Choucair2021*' into where do we write the password, Brandon clicks on button that shows us the access]], When he search for the course on the choucair academy
| strCourse |
| Guías Técnicas - Analista Financial | [Brandon search [Brandon clicks on search for course option, Brandon clicks on select unit one]], Then he finds the course called
| strCourse |
| Guías Técnicas - Analista Financial | [Then answer]
[Test worker] WARN net.thucydides.core.steps.BaseStepListener - testFinished: search for a automation course:Given that Brandon wants to learn automation at the choucair academy
| strUser | strPassword |
| 1066180001 | Choucair2021* | [Brandon open up [Brandon opens the Choucair academy page], Brandon login [Brandon clicks on button that shows us the form to login, Brandon enters '1066180001' into where do we write the user, Brandon enters 'Choucair2021*' into where do we write the password, Brandon clicks on button that shows us the access]], When he search for the course on the choucair academy
| strCourse |
| Guías Técnicas - Analista Financial | [Brandon search [Brandon clicks on search for course option, Brandon clicks on select unit one]], Then he finds the course called
| strCourse |
| Guías Técnicas - Analista Financial | [Then answer]
[Test worker] WARN net.thucydides.core.steps.BaseStepListener - TestOutcomes: [search for a automation course:Given that Brandon wants to learn automation at the choucair academy
| strUser | strPassword |
| 1066180001 | Choucair2021* | [Brandon open up [Brandon opens the Choucair academy page], Brandon login [Brandon clicks on button that shows us the form to login, Brandon enters '1066180001' into where do we write the user, Brandon enters 'Choucair2021*' into where do we write the password, Brandon clicks on button that shows us the access]], When he search for the course on the choucair academy
| strCourse |
| Guías Técnicas - Analista Financial | [Brandon search [Brandon clicks on search for course option, Brandon clicks on select unit one]], Then he finds the course called
| strCourse |
| Guías Técnicas - Analista Financial | [Then answer]]
[Test worker] WARN net.thucydides.core.steps.BaseStepListener - Final testOutcomes: [search for a automation course:Given that Brandon wants to learn automation at the choucair academy
| strUser | strPassword |
| 1066180001 | Choucair2021* | [Brandon open up [Brandon opens the Choucair academy page], Brandon login [Brandon clicks on button that shows us the form to login, Brandon enters '1066180001' into where do we write the user, Brandon enters 'Choucair2021*' into where do we write the password, Brandon clicks on button that shows us the access]], When he search for the course on the choucair academy
| strCourse |
| Guías Técnicas - Analista Financial | [Brandon search [Brandon clicks on search for course option, Brandon clicks on select unit one]], Then he finds the course called
| strCourse |
| Guías Técnicas - Analista Financial | [Then answer]]
[Test worker] INFO net.thucydides.core.steps.ConsoleLoggingListener - 
        __    _____ _____ ____ _____   ____   _    ____  ____  _____ ____  
  _     \ \  |_   _| ____/ ___|_   _| |  _ \ / \  / ___|/ ___|| ____|  _ \ 
 (_)_____| |   | | |  _| \___ \ | |   | |_) / _ \ \___ \\___ \|  _| | | | |
  _|_____| |   | | | |___ ___) || |   |  __/ ___ \ ___) |___) | |___| |_| |
 (_)     | |   |_| |_____|____/ |_|   |_| /_/   \_\____/|____/|_____|____/ 
        /_/                                                                

TEST PASSED: search for a automation course
----------------------------------------------------------------------------
]]></system-err>
</testsuite>
